<?xml version="1.0" encoding="UTF-8"?>
<robot generator="Robot 3.2.2 (Python 3.9.2 on darwin)" generated="20210407 17:20:26.886" rpa="false">
<suite id="s1" name="04 MEDSAPI" source="/Users/svengatachalam/Medidata/repos/Tests/04_MEDSAPI">
<suite id="s1-s1" name="MEDSAPI Tests" source="/Users/svengatachalam/Medidata/repos/Tests/04_MEDSAPI/MEDSAPI_Tests.robot">
<kw name="Run Keywords" library="BuiltIn" type="setup">
<doc>Executes all the given keywords in a sequence.</doc>
<arguments>
<arg>Connect to</arg>
<arg>MW</arg>
<arg>AND</arg>
<arg>Connect to</arg>
<arg>MEDS</arg>
</arguments>
<kw name="Connect to" library="kw_common_DB">
<arguments>
<arg>MW</arg>
</arguments>
<kw name="Run Keyword If" library="BuiltIn">
<doc>Runs the given keyword with the given arguments, if ``condition`` is true.</doc>
<arguments>
<arg>'${DB}' == 'RAVE'</arg>
<arg>RAVE.Connect to Database Using Custom Params</arg>
<arg>pymssql</arg>
<arg>${RAVE_DbConString}</arg>
<arg>ELSE IF</arg>
<arg>'${DB}' == 'RODS'</arg>
<arg>RODS.Connect to Database Using Custom Params</arg>
<arg>cx_Oracle</arg>
<arg>${RODS_DbConString}</arg>
<arg>ELSE IF</arg>
<arg>'${DB}' == 'RODS MASTER'</arg>
<arg>RODS MASTER.Connect to Database Using Custom Params</arg>
<arg>cx_Oracle</arg>
<arg>${RODSMSTR_DbConString}</arg>
<arg>ELSE IF</arg>
<arg>'${DB}' == 'MEDS'</arg>
<arg>MEDS.Connect to Database Using Custom Params</arg>
<arg>cx_Oracle</arg>
<arg>${MEDS_DbConString}</arg>
<arg>ELSE IF</arg>
<arg>'${DB}' == 'IMEDIDATA'</arg>
<arg>IMEDIDATA.Connect to Database Using Custom Params</arg>
<arg>pymysql</arg>
<arg>${IMEDI_DbConString}</arg>
<arg>ELSE IF</arg>
<arg>'${DB}' == 'SUBJECTS'</arg>
<arg>SUBJECTS.Connect to Database Using Custom Params</arg>
<arg>pymysql</arg>
<arg>${SBJ_DbConString}</arg>
<arg>ELSE IF</arg>
<arg>'${DB}' == 'DALTON'</arg>
<arg>DALTON.Connect to Database Using Custom Params</arg>
<arg>psycopg2</arg>
<arg>${DALTON_DbConString}</arg>
<arg>ELSE IF</arg>
<arg>'${DB}' == 'MH'</arg>
<arg>MH.Connect to Database Using Custom Params</arg>
<arg>cx_Oracle</arg>
<arg>${MH_DbConString}</arg>
<arg>ELSE IF</arg>
<arg>'${DB}' == 'MW'</arg>
<arg>MW.Connect to Database Using Custom Params</arg>
<arg>psycopg2</arg>
<arg>${MW_DbConString}</arg>
</arguments>
<kw name="MW.Connect to Database Using Custom Params">
<arguments>
<arg>psycopg2</arg>
<arg>${MW_DbConString}</arg>
</arguments>
<msg timestamp="20210407 17:20:27.122" level="FAIL">No keyword with name 'MW.Connect to Database Using Custom Params' found.</msg>
<status status="FAIL" starttime="20210407 17:20:27.122" endtime="20210407 17:20:27.122"></status>
</kw>
<status status="FAIL" starttime="20210407 17:20:27.114" endtime="20210407 17:20:27.122"></status>
</kw>
<status status="FAIL" starttime="20210407 17:20:27.114" endtime="20210407 17:20:27.123"></status>
</kw>
<status status="FAIL" starttime="20210407 17:20:27.113" endtime="20210407 17:20:27.123"></status>
</kw>
<test id="s1-s1-t1" name="Verifing Endpoints for Valid and Invalid User">
<tags>
<tag>Sanity</tag>
</tags>
<status status="FAIL" starttime="20210407 17:20:27.123" endtime="20210407 17:20:27.124" critical="yes">Parent suite setup failed:
No keyword with name 'MW.Connect to Database Using Custom Params' found.</status>
</test>
<kw name="Run Keywords" library="BuiltIn" type="teardown">
<doc>Executes all the given keywords in a sequence.</doc>
<arguments>
<arg>DB Disconnect</arg>
<arg>MW</arg>
<arg>AND</arg>
<arg>DB Disconnect</arg>
<arg>MEDS</arg>
</arguments>
<kw name="DB Disconnect" library="kw_common_DB">
<arguments>
<arg>MW</arg>
</arguments>
<kw name="Run Keyword If" library="BuiltIn">
<doc>Runs the given keyword with the given arguments, if ``condition`` is true.</doc>
<arguments>
<arg>'${DB}' == 'RAVE'</arg>
<arg>RAVE.Disconnect From Database</arg>
<arg>ELSE IF</arg>
<arg>'${DB}' == 'RODS'</arg>
<arg>RODS.Disconnect From Database</arg>
<arg>ELSE IF</arg>
<arg>'${DB}' == 'RODS MASTER'</arg>
<arg>RODS MASTER.Disconnect From Database</arg>
<arg>ELSE IF</arg>
<arg>'${DB}' == 'MEDS'</arg>
<arg>MEDS.Disconnect From Database</arg>
<arg>ELSE IF</arg>
<arg>'${DB}' == 'IMEDIDATA'</arg>
<arg>IMEDIDATA.Disconnect From Database</arg>
<arg>ELSE IF</arg>
<arg>'${DB}' == 'SUBJECTS'</arg>
<arg>SUBJECTS.Disconnect From Database</arg>
<arg>ELSE IF</arg>
<arg>'${DB}' == 'DALTON'</arg>
<arg>DALTON.Disconnect From Database</arg>
<arg>ELSE IF</arg>
<arg>'${DB}' == 'MH'</arg>
<arg>MH.Disconnect From Database</arg>
<arg>ELSE IF</arg>
<arg>'${DB}' == 'MW'</arg>
<arg>MW.Disconnect From Database</arg>
</arguments>
<kw name="MW.Disconnect From Database">
<msg timestamp="20210407 17:20:27.135" level="FAIL">No keyword with name 'MW.Disconnect From Database' found.</msg>
<status status="FAIL" starttime="20210407 17:20:27.135" endtime="20210407 17:20:27.135"></status>
</kw>
<status status="FAIL" starttime="20210407 17:20:27.126" endtime="20210407 17:20:27.135"></status>
</kw>
<status status="FAIL" starttime="20210407 17:20:27.125" endtime="20210407 17:20:27.136"></status>
</kw>
<kw name="DB Disconnect" library="kw_common_DB">
<arguments>
<arg>MEDS</arg>
</arguments>
<kw name="Run Keyword If" library="BuiltIn">
<doc>Runs the given keyword with the given arguments, if ``condition`` is true.</doc>
<arguments>
<arg>'${DB}' == 'RAVE'</arg>
<arg>RAVE.Disconnect From Database</arg>
<arg>ELSE IF</arg>
<arg>'${DB}' == 'RODS'</arg>
<arg>RODS.Disconnect From Database</arg>
<arg>ELSE IF</arg>
<arg>'${DB}' == 'RODS MASTER'</arg>
<arg>RODS MASTER.Disconnect From Database</arg>
<arg>ELSE IF</arg>
<arg>'${DB}' == 'MEDS'</arg>
<arg>MEDS.Disconnect From Database</arg>
<arg>ELSE IF</arg>
<arg>'${DB}' == 'IMEDIDATA'</arg>
<arg>IMEDIDATA.Disconnect From Database</arg>
<arg>ELSE IF</arg>
<arg>'${DB}' == 'SUBJECTS'</arg>
<arg>SUBJECTS.Disconnect From Database</arg>
<arg>ELSE IF</arg>
<arg>'${DB}' == 'DALTON'</arg>
<arg>DALTON.Disconnect From Database</arg>
<arg>ELSE IF</arg>
<arg>'${DB}' == 'MH'</arg>
<arg>MH.Disconnect From Database</arg>
<arg>ELSE IF</arg>
<arg>'${DB}' == 'MW'</arg>
<arg>MW.Disconnect From Database</arg>
</arguments>
<kw name="MEDS.Disconnect From Database">
<msg timestamp="20210407 17:20:27.145" level="FAIL">No keyword with name 'MEDS.Disconnect From Database' found.</msg>
<status status="FAIL" starttime="20210407 17:20:27.145" endtime="20210407 17:20:27.145"></status>
</kw>
<status status="FAIL" starttime="20210407 17:20:27.136" endtime="20210407 17:20:27.145"></status>
</kw>
<status status="FAIL" starttime="20210407 17:20:27.136" endtime="20210407 17:20:27.146"></status>
</kw>
<status status="FAIL" starttime="20210407 17:20:27.125" endtime="20210407 17:20:27.146">Several failures occurred:

1) No keyword with name 'MW.Disconnect From Database' found.

2) No keyword with name 'MEDS.Disconnect From Database' found.</status>
</kw>
<doc>This test case is defined to test all the MEDS API endpoints for 200,404 and 422 scenarios.
All the Meds API and SiM/iM endpoints have been included in the test. The endpoints are listed in the Input file accordingly.</doc>
<status status="FAIL" starttime="20210407 17:20:26.921" endtime="20210407 17:20:27.146">Suite setup failed:
No keyword with name 'MW.Connect to Database Using Custom Params' found.

Also suite teardown failed:
Several failures occurred:

1) No keyword with name 'MW.Disconnect From Database' found.

2) No keyword with name 'MEDS.Disconnect From Database' found.</status>
</suite>
<status status="FAIL" starttime="20210407 17:20:26.888" endtime="20210407 17:20:27.149"></status>
</suite>
<statistics>
<total>
<stat pass="0" fail="1">Critical Tests</stat>
<stat pass="0" fail="1">All Tests</stat>
</total>
<tag>
<stat pass="0" fail="1">Sanity</stat>
</tag>
<suite>
<stat pass="0" fail="1" id="s1" name="04 MEDSAPI">04 MEDSAPI</stat>
<stat pass="0" fail="1" id="s1-s1" name="MEDSAPI Tests">04 MEDSAPI.MEDSAPI Tests</stat>
</suite>
</statistics>
<errors>
<msg timestamp="20210407 17:20:26.927" level="ERROR">Error in file '/Users/svengatachalam/Medidata/repos/Tests/04_MEDSAPI/MEDSAPI_Tests.robot' on line 6: Importing test library 'DataDriver' failed: ModuleNotFoundError: No module named 'DataDriver'
Traceback (most recent call last):
  None
PYTHONPATH:
  /Users/svengatachalam/Library/Python/3.9/bin
  /Library/Frameworks/Python.framework/Versions/3.9/lib/python39.zip
  /Library/Frameworks/Python.framework/Versions/3.9/lib/python3.9
  /Library/Frameworks/Python.framework/Versions/3.9/lib/python3.9/lib-dynload
  /Users/svengatachalam/Library/Python/3.9/lib/python/site-packages
  /Library/Frameworks/Python.framework/Versions/3.9/lib/python3.9/site-packages</msg>
<msg timestamp="20210407 17:20:26.935" level="ERROR">Error in file '/Users/svengatachalam/Medidata/repos/Resources/User_Keywords/MEDSAPI.robot' on line 2: Importing test library 'RequestsLibrary' failed: ModuleNotFoundError: No module named 'RequestsLibrary'
Traceback (most recent call last):
  None
PYTHONPATH:
  /Users/svengatachalam/Library/Python/3.9/bin
  /Library/Frameworks/Python.framework/Versions/3.9/lib/python39.zip
  /Library/Frameworks/Python.framework/Versions/3.9/lib/python3.9
  /Library/Frameworks/Python.framework/Versions/3.9/lib/python3.9/lib-dynload
  /Users/svengatachalam/Library/Python/3.9/lib/python/site-packages
  /Library/Frameworks/Python.framework/Versions/3.9/lib/python3.9/site-packages</msg>
<msg timestamp="20210407 17:20:26.956" level="ERROR">Error in file '/Users/svengatachalam/Medidata/repos/Resources/User_Keywords/MEDSAPI.robot' on line 4: Importing test library 'JSONLibrary' failed: ModuleNotFoundError: No module named 'JSONLibrary'
Traceback (most recent call last):
  None
PYTHONPATH:
  /Users/svengatachalam/Library/Python/3.9/bin
  /Library/Frameworks/Python.framework/Versions/3.9/lib/python39.zip
  /Library/Frameworks/Python.framework/Versions/3.9/lib/python3.9
  /Library/Frameworks/Python.framework/Versions/3.9/lib/python3.9/lib-dynload
  /Users/svengatachalam/Library/Python/3.9/lib/python/site-packages
  /Library/Frameworks/Python.framework/Versions/3.9/lib/python3.9/site-packages</msg>
<msg timestamp="20210407 17:20:27.008" level="ERROR">Error in file '/Users/svengatachalam/Medidata/repos/Resources/Common/kw_common_DB.robot' on line 3: Importing test library '/Users/svengatachalam/Medidata/repos/Custom_Lib/DatabaseLibraryExtend.py' failed: ModuleNotFoundError: No module named 'DatabaseLibrary'
Traceback (most recent call last):
  File "/Users/svengatachalam/Medidata/repos/Custom_Lib/DatabaseLibraryExtend.py", line 1, in &lt;module&gt;
    from DatabaseLibrary import DatabaseLibrary
PYTHONPATH:
  /Users/svengatachalam/Library/Python/3.9/bin
  /Library/Frameworks/Python.framework/Versions/3.9/lib/python39.zip
  /Library/Frameworks/Python.framework/Versions/3.9/lib/python3.9
  /Library/Frameworks/Python.framework/Versions/3.9/lib/python3.9/lib-dynload
  /Users/svengatachalam/Library/Python/3.9/lib/python/site-packages
  /Library/Frameworks/Python.framework/Versions/3.9/lib/python3.9/site-packages</msg>
<msg timestamp="20210407 17:20:27.014" level="ERROR">Error in file '/Users/svengatachalam/Medidata/repos/Resources/Common/kw_common_DB.robot' on line 4: Importing test library '/Users/svengatachalam/Medidata/repos/Custom_Lib/DatabaseLibraryExtend.py' failed: ModuleNotFoundError: No module named 'DatabaseLibrary'
Traceback (most recent call last):
  File "/Users/svengatachalam/Medidata/repos/Custom_Lib/DatabaseLibraryExtend.py", line 1, in &lt;module&gt;
    from DatabaseLibrary import DatabaseLibrary
PYTHONPATH:
  /Users/svengatachalam/Library/Python/3.9/bin
  /Library/Frameworks/Python.framework/Versions/3.9/lib/python39.zip
  /Library/Frameworks/Python.framework/Versions/3.9/lib/python3.9
  /Library/Frameworks/Python.framework/Versions/3.9/lib/python3.9/lib-dynload
  /Users/svengatachalam/Library/Python/3.9/lib/python/site-packages
  /Library/Frameworks/Python.framework/Versions/3.9/lib/python3.9/site-packages</msg>
<msg timestamp="20210407 17:20:27.020" level="ERROR">Error in file '/Users/svengatachalam/Medidata/repos/Resources/Common/kw_common_DB.robot' on line 5: Importing test library '/Users/svengatachalam/Medidata/repos/Custom_Lib/DatabaseLibraryExtend.py' failed: ModuleNotFoundError: No module named 'DatabaseLibrary'
Traceback (most recent call last):
  File "/Users/svengatachalam/Medidata/repos/Custom_Lib/DatabaseLibraryExtend.py", line 1, in &lt;module&gt;
    from DatabaseLibrary import DatabaseLibrary
PYTHONPATH:
  /Users/svengatachalam/Library/Python/3.9/bin
  /Library/Frameworks/Python.framework/Versions/3.9/lib/python39.zip
  /Library/Frameworks/Python.framework/Versions/3.9/lib/python3.9
  /Library/Frameworks/Python.framework/Versions/3.9/lib/python3.9/lib-dynload
  /Users/svengatachalam/Library/Python/3.9/lib/python/site-packages
  /Library/Frameworks/Python.framework/Versions/3.9/lib/python3.9/site-packages</msg>
<msg timestamp="20210407 17:20:27.025" level="ERROR">Error in file '/Users/svengatachalam/Medidata/repos/Resources/Common/kw_common_DB.robot' on line 6: Importing test library '/Users/svengatachalam/Medidata/repos/Custom_Lib/DatabaseLibraryExtend.py' failed: ModuleNotFoundError: No module named 'DatabaseLibrary'
Traceback (most recent call last):
  File "/Users/svengatachalam/Medidata/repos/Custom_Lib/DatabaseLibraryExtend.py", line 1, in &lt;module&gt;
    from DatabaseLibrary import DatabaseLibrary
PYTHONPATH:
  /Users/svengatachalam/Library/Python/3.9/bin
  /Library/Frameworks/Python.framework/Versions/3.9/lib/python39.zip
  /Library/Frameworks/Python.framework/Versions/3.9/lib/python3.9
  /Library/Frameworks/Python.framework/Versions/3.9/lib/python3.9/lib-dynload
  /Users/svengatachalam/Library/Python/3.9/lib/python/site-packages
  /Library/Frameworks/Python.framework/Versions/3.9/lib/python3.9/site-packages</msg>
<msg timestamp="20210407 17:20:27.031" level="ERROR">Error in file '/Users/svengatachalam/Medidata/repos/Resources/Common/kw_common_DB.robot' on line 7: Importing test library '/Users/svengatachalam/Medidata/repos/Custom_Lib/DatabaseLibraryExtend.py' failed: ModuleNotFoundError: No module named 'DatabaseLibrary'
Traceback (most recent call last):
  File "/Users/svengatachalam/Medidata/repos/Custom_Lib/DatabaseLibraryExtend.py", line 1, in &lt;module&gt;
    from DatabaseLibrary import DatabaseLibrary
PYTHONPATH:
  /Users/svengatachalam/Library/Python/3.9/bin
  /Library/Frameworks/Python.framework/Versions/3.9/lib/python39.zip
  /Library/Frameworks/Python.framework/Versions/3.9/lib/python3.9
  /Library/Frameworks/Python.framework/Versions/3.9/lib/python3.9/lib-dynload
  /Users/svengatachalam/Library/Python/3.9/lib/python/site-packages
  /Library/Frameworks/Python.framework/Versions/3.9/lib/python3.9/site-packages</msg>
<msg timestamp="20210407 17:20:27.036" level="ERROR">Error in file '/Users/svengatachalam/Medidata/repos/Resources/Common/kw_common_DB.robot' on line 8: Importing test library '/Users/svengatachalam/Medidata/repos/Custom_Lib/DatabaseLibraryExtend.py' failed: ModuleNotFoundError: No module named 'DatabaseLibrary'
Traceback (most recent call last):
  File "/Users/svengatachalam/Medidata/repos/Custom_Lib/DatabaseLibraryExtend.py", line 1, in &lt;module&gt;
    from DatabaseLibrary import DatabaseLibrary
PYTHONPATH:
  /Users/svengatachalam/Library/Python/3.9/bin
  /Library/Frameworks/Python.framework/Versions/3.9/lib/python39.zip
  /Library/Frameworks/Python.framework/Versions/3.9/lib/python3.9
  /Library/Frameworks/Python.framework/Versions/3.9/lib/python3.9/lib-dynload
  /Users/svengatachalam/Library/Python/3.9/lib/python/site-packages
  /Library/Frameworks/Python.framework/Versions/3.9/lib/python3.9/site-packages</msg>
<msg timestamp="20210407 17:20:27.044" level="ERROR">Error in file '/Users/svengatachalam/Medidata/repos/Resources/Common/kw_common_DB.robot' on line 9: Importing test library '/Users/svengatachalam/Medidata/repos/Custom_Lib/DatabaseLibraryExtend.py' failed: ModuleNotFoundError: No module named 'DatabaseLibrary'
Traceback (most recent call last):
  File "/Users/svengatachalam/Medidata/repos/Custom_Lib/DatabaseLibraryExtend.py", line 1, in &lt;module&gt;
    from DatabaseLibrary import DatabaseLibrary
PYTHONPATH:
  /Users/svengatachalam/Library/Python/3.9/bin
  /Library/Frameworks/Python.framework/Versions/3.9/lib/python39.zip
  /Library/Frameworks/Python.framework/Versions/3.9/lib/python3.9
  /Library/Frameworks/Python.framework/Versions/3.9/lib/python3.9/lib-dynload
  /Users/svengatachalam/Library/Python/3.9/lib/python/site-packages
  /Library/Frameworks/Python.framework/Versions/3.9/lib/python3.9/site-packages</msg>
<msg timestamp="20210407 17:20:27.050" level="ERROR">Error in file '/Users/svengatachalam/Medidata/repos/Resources/Common/kw_common_DB.robot' on line 10: Importing test library '/Users/svengatachalam/Medidata/repos/Custom_Lib/DatabaseLibraryExtend.py' failed: ModuleNotFoundError: No module named 'DatabaseLibrary'
Traceback (most recent call last):
  File "/Users/svengatachalam/Medidata/repos/Custom_Lib/DatabaseLibraryExtend.py", line 1, in &lt;module&gt;
    from DatabaseLibrary import DatabaseLibrary
PYTHONPATH:
  /Users/svengatachalam/Library/Python/3.9/bin
  /Library/Frameworks/Python.framework/Versions/3.9/lib/python39.zip
  /Library/Frameworks/Python.framework/Versions/3.9/lib/python3.9
  /Library/Frameworks/Python.framework/Versions/3.9/lib/python3.9/lib-dynload
  /Users/svengatachalam/Library/Python/3.9/lib/python/site-packages
  /Library/Frameworks/Python.framework/Versions/3.9/lib/python3.9/site-packages</msg>
<msg timestamp="20210407 17:20:27.057" level="ERROR">Error in file '/Users/svengatachalam/Medidata/repos/Resources/Common/kw_common_DB.robot' on line 11: Importing test library '/Users/svengatachalam/Medidata/repos/Custom_Lib/DatabaseLibraryExtend.py' failed: ModuleNotFoundError: No module named 'DatabaseLibrary'
Traceback (most recent call last):
  File "/Users/svengatachalam/Medidata/repos/Custom_Lib/DatabaseLibraryExtend.py", line 1, in &lt;module&gt;
    from DatabaseLibrary import DatabaseLibrary
PYTHONPATH:
  /Users/svengatachalam/Library/Python/3.9/bin
  /Library/Frameworks/Python.framework/Versions/3.9/lib/python39.zip
  /Library/Frameworks/Python.framework/Versions/3.9/lib/python3.9
  /Library/Frameworks/Python.framework/Versions/3.9/lib/python3.9/lib-dynload
  /Users/svengatachalam/Library/Python/3.9/lib/python/site-packages
  /Library/Frameworks/Python.framework/Versions/3.9/lib/python3.9/site-packages</msg>
</errors>
</robot>
